<?xml version="1.0" encoding="UTF-8"?>
<!-- Generated by org.testng.reporters.JUnitReportReporter -->
<testsuite hostname="CPX-BH7N6960Q27" failures="0" tests="1" name="Academy.ValidateTitle" time="0.041" errors="0" timestamp="17 Aug 2021 07:50:12 GMT">
  <testcase classname="Academy.ValidateTitle" name="validateHeader" time="0.041"/>
</testsuite> <!-- Academy.ValidateTitle -->
