<?xml version="1.0" encoding="UTF-8"?>
<!-- Generated by org.testng.reporters.JUnitReportReporter -->
<testsuite hostname="CPX-BH7N6960Q27" name="Academy.ValidateTitle" tests="2" failures="0" timestamp="17 Aug 2021 07:52:48 GMT" time="0.131" errors="0">
  <testcase name="validateTitle" time="0.071" classname="Academy.ValidateTitle"/>
  <testcase name="validateHeader" time="0.060" classname="Academy.ValidateTitle"/>
</testsuite> <!-- Academy.ValidateTitle -->
