<?xml version="1.0" encoding="UTF-8"?>
<!-- Generated by org.testng.reporters.JUnitReportReporter -->
<testsuite hostname="CPX-BH7N6960Q27" name="Academy.HomePage" tests="2" failures="0" timestamp="17 Aug 2021 07:52:48 GMT" time="2.139" errors="0">
  <testcase name="resetPassword" time="0.566" classname="Academy.HomePage"/>
  <testcase name="basePageNavigation" time="1.573" classname="Academy.HomePage"/>
</testsuite> <!-- Academy.HomePage -->
